<?xml version="1.0" encoding="UTF-8"?>
<!-- Generated by org.testng.reporters.JUnitXMLReporter -->
<testsuite hostname="DESKTOP-CT4QI35" ignored="0" name="Flipkart HP Laptops page testing" tests="5" failures="0" timestamp="04 Aug 2019 19:13:02 GMT" time="354.053" errors="0">
  <testcase name="clickonHPlaptopstest" time="8.86" classname="com.flipkart.testcase.Laptopspagetest"/>
  <testcase name="validateexcelwrite" time="256.678" classname="com.flipkart.testcase.HPlaptopspagetest"/>
  <testcase name="checktitle" time="0.023" classname="com.flipkart.testcase.Loginpagetest"/>
  <testcase name="clickonlaptopspagetest" time="8.349" classname="com.flipkart.testcase.Homepagetest"/>
  <testcase name="logintest" time="0.629" classname="com.flipkart.testcase.Loginpagetest"/>
</testsuite> <!-- Flipkart HP Laptops page testing -->
