<?xml version="1.0" encoding="UTF-8"?>
<testng-results skipped="0" failed="0" ignored="0" total="2" passed="2">
  <reporter-output>
  </reporter-output>
  <suite name="Default suite" duration-ms="28991" started-at="2019-08-05T07:13:07Z" finished-at="2019-08-05T07:13:36Z">
    <groups>
      <group name="Title">
        <method signature="Loginpagetest.checktitle()[pri:1, instance:com.flipkart.testcase.Loginpagetest@553f17c]" name="checktitle" class="com.flipkart.testcase.Loginpagetest"/>
      </group> <!-- Title -->
      <group name="Testcases">
        <method signature="Loginpagetest.logintest()[pri:2, instance:com.flipkart.testcase.Loginpagetest@553f17c]" name="logintest" class="com.flipkart.testcase.Loginpagetest"/>
      </group> <!-- Testcases -->
    </groups>
    <test name="Default test" duration-ms="28991" started-at="2019-08-05T07:13:07Z" finished-at="2019-08-05T07:13:36Z">
      <class name="com.flipkart.testcase.Loginpagetest">
        <test-method status="PASS" signature="setup()[pri:0, instance:com.flipkart.testcase.Loginpagetest@553f17c]" name="setup" is-config="true" duration-ms="15451" started-at="2019-08-05T07:13:07Z" finished-at="2019-08-05T07:13:23Z">
          <reporter-output>
          </reporter-output>
        </test-method> <!-- setup -->
        <test-method status="PASS" signature="checktitle()[pri:1, instance:com.flipkart.testcase.Loginpagetest@553f17c]" name="checktitle" duration-ms="33" started-at="2019-08-05T07:13:23Z" finished-at="2019-08-05T07:13:23Z">
          <reporter-output>
          </reporter-output>
        </test-method> <!-- checktitle -->
        <test-method status="PASS" signature="teardown()[pri:0, instance:com.flipkart.testcase.Loginpagetest@553f17c]" name="teardown" is-config="true" duration-ms="688" started-at="2019-08-05T07:13:23Z" finished-at="2019-08-05T07:13:23Z">
          <reporter-output>
          </reporter-output>
        </test-method> <!-- teardown -->
        <test-method status="PASS" signature="setup()[pri:0, instance:com.flipkart.testcase.Loginpagetest@553f17c]" name="setup" is-config="true" duration-ms="11289" started-at="2019-08-05T07:13:23Z" finished-at="2019-08-05T07:13:35Z">
          <reporter-output>
          </reporter-output>
        </test-method> <!-- setup -->
        <test-method status="PASS" signature="logintest()[pri:2, instance:com.flipkart.testcase.Loginpagetest@553f17c]" name="logintest" duration-ms="767" started-at="2019-08-05T07:13:35Z" finished-at="2019-08-05T07:13:36Z">
          <reporter-output>
          </reporter-output>
        </test-method> <!-- logintest -->
        <test-method status="PASS" signature="teardown()[pri:0, instance:com.flipkart.testcase.Loginpagetest@553f17c]" name="teardown" is-config="true" duration-ms="710" started-at="2019-08-05T07:13:36Z" finished-at="2019-08-05T07:13:36Z">
          <reporter-output>
          </reporter-output>
        </test-method> <!-- teardown -->
      </class> <!-- com.flipkart.testcase.Loginpagetest -->
    </test> <!-- Default test -->
  </suite> <!-- Default suite -->
</testng-results>
